
[33m
*** Warning, This code is deprecated and will be removed in future versions:
/work/09748/andresfierro231/ls6/projects/physor2026_andrew/active_development/Templates/jsalt_base_case.i:329: (Postprocessors/delta_Temp_TP6-TP2/function):
'function' has been deprecated and will be removed on 05/01/2025. Please use 'expression' instead.
[39m
Add SAM Component: PBOneDFluidComponent up1
Add SAM Component: PBPipe CoolingJacket
Add SAM Component: PBOneDFluidComponent Melter
Add SAM Component: PBOneDFluidComponent downcomer
Add SAM Component: PBOneDFluidComponent Heater
Add SAM Component: PBBranch TopLeft
Add SAM Component: PBSingleJunction TopRight
Add SAM Component: PBTDV pipe5_out_pressure_pin
Add SAM Component: PBSingleJunction BottomRight
Add SAM Component: PBSingleJunction BottomLeft
Initialize SAM SAMSimulation:
SAM Version: derived from v0.9.5.1, git commit c2afbe17f on 2025-01-29
Create mesh...   Building internal mesh...OK
Build SAM Displaced Mesh... OK
Checking system connections... Add Variables... OK
Initialize Variable Values... OK
Add SAM Component Physics... OK
Framework Information:
MOOSE Version:           git commit 55e75e853e on 2025-01-29
LibMesh Version:         
PETSc Version:           3.22.1
SLEPc Version:           3.22.1
Current Time:            Mon Dec  1 22:41:30 2025
Executable Timestamp:    Tue Nov 25 17:43:31 2025

Input File(s):
  /work/09748/andresfierro231/ls6/projects/physor2026_andrew/active_development/Templates/jsalt1_nodes_mult_by_24_ord1.i

Checkpoint:
  Wall Time Interval:      Every 3600 s
  User Checkpoint:         Outputs/checkpoint
  # Checkpoints Kept:      2
  Execute On:              TIMESTEP_END 

Parallelism:
  Num Processors:          1
  Num Threads:             1

Mesh: 
  Parallel Type:           replicated
  Mesh Dimension:          2
  Spatial Dimension:       3
  Nodes:                   919
  Elems:                   768
  Num Subdomains:          6

Nonlinear System:
  Num DOFs:                2334
  Num Local DOFs:          2334
  Variables:               { "BottomLeft:pressure" "BottomLeft:temperature" "BottomLeft:velocity" "BottomRight:pressure" 
                             "BottomRight:temperature" "BottomRight:velocity" } "T_solid" { "TopLeft:pressure" 
                             "TopLeft:temperature" "TopLeft:velocity" "TopRight:pressure" "TopRight:temperature" 
                             "TopRight:velocity" } "Tw" { "pressure" "temperature" "velocity" } 
  Finite Element Types:    "SCALAR" "LAGRANGE" "SCALAR" "LAGRANGE" "LAGRANGE" 
  Approximation Orders:    "FIRST" "FIRST" "FIRST" "FIRST" "FIRST" 

Auxiliary System:
  Num DOFs:                1407
  Num Local DOFs:          1407
  Variables:               { "BottomLeft:rho" "BottomRight:rho" } "JxW" { "TopLeft:rho" "TopRight:rho" 
                             } "heat_transfer_coefficient" "rho" 
  Finite Element Types:    "SCALAR" "LAGRANGE" "SCALAR" "LAGRANGE" "LAGRANGE" 
  Approximation Orders:    "FIRST" "FIRST" "FIRST" "FIRST" "FIRST" 

Execution Information:
  Executioner:             Transient
  TimeStepper:             IterationAdaptiveDT
  TimeIntegrator(s):       ImplicitEuler
  Solver Mode:             Preconditioned JFNK
  PETSc Preconditioner:    lu 
  MOOSE Preconditioner:    SMP

[31mLEGACY MODES ENABLED:[39m
 This application uses the legacy material output option: material properties are output only on TIMESTEP_END, not INITIAL. To remove this message, set 'use_legacy_material_output' to false in this application. If there are gold output files that contain material property output for which output occurs on INITIAL, then these will generate diffs due to zero values being stored, and these tests should be re-golded.
[39m
[31mLEGACY MODES ENABLED:[39m
 This application uses the legacy initial residual evaluation behavior. The legacy behavior performs an often times redundant residual evaluation before the solution modifying objects are executed prior to the initial (0th nonlinear iteration) residual evaluation. The new behavior skips that redundant residual evaluation unless the parameter Executioner/use_pre_smo_residual is set to true. To remove this message and enable the new behavior, set the parameter 'use_legacy_initial_residual_evaluation_behavior' to false in *App.C. Some tests that rely on the side effects of the legacy behavior may fail/diff and should be re-golded.
[39m

Time Step 0, time = 0

Postprocessor Values:
+----------------+----------------+----------------+----------------+----------------+----------------+----------------+----------------+----------------+
| time           | 00_DeltaT      | 00_TS_Pr       | TP1            | TP2            | TP3            | TP6            | TP_TS          | TS_vel         |
+----------------+----------------+----------------+----------------+----------------+----------------+----------------+----------------+----------------+
|   0.000000e+00 |   0.000000e+00 |   4.580651e+01 |   4.480000e+02 |   4.480000e+02 |   4.480000e+02 |   4.480000e+02 |   4.480000e+02 |   1.000000e-02 |
+----------------+----------------+----------------+----------------+----------------+----------------+----------------+----------------+----------------+
+----------------+----------------+----------------------------+-----------------------------+--------------------+------------------------+
| time           | TopL_velocity  | coolingJacket_T_in_primary | coolingJacket_T_out_primary | delta_Temp_TP6-TP2 | downcomer_out_velocity |
+----------------+----------------+----------------------------+-----------------------------+--------------------+------------------------+
|   0.000000e+00 |   1.000000e-02 |               4.480000e+02 |                4.480000e+02 |       0.000000e+00 |           1.000000e-02 |
+----------------+----------------+----------------------------+-----------------------------+--------------------+------------------------+
+----------------+----------------+----------------+
| time           | dt             | massFlowRate   |
+----------------+----------------+----------------+
|   0.000000e+00 |   0.000000e+00 |   7.508930e-03 |
+----------------+----------------+----------------+


Time Step 1, time = 0.01, dt = 0.01
 * Nonlinear |R| = [32m2.458060e+01[39m (Before preset BCs, predictors, correctors, and constraints)
 0 Nonlinear |R| = [32m2.458060e+01[39m
 1 Nonlinear |R| = [32m1.285471e+01[39m
 2 Nonlinear |R| = [32m5.257478e+00[39m
 3 Nonlinear |R| = [32m7.279146e-01[39m
 4 Nonlinear |R| = [32m1.044977e-01[39m
 5 Nonlinear |R| = [32m1.054393e-02[39m
 6 Nonlinear |R| = [32m1.043743e-03[39m
 7 Nonlinear |R| = [32m2.010540e-05[39m
 8 Nonlinear |R| = [32m4.089545e-06[39m
 9 Nonlinear |R| = [32m5.855225e-07[39m
[32m Solve Converged![39m

Outlier Variable Residual Norms:
  pressure: [31m5.770704e-07[39m

Postprocessor Values:
+----------------+----------------+----------------+----------------+----------------+----------------+----------------+----------------+----------------+
| time           | 00_DeltaT      | 00_TS_Pr       | TP1            | TP2            | TP3            | TP6            | TP_TS          | TS_vel         |
+----------------+----------------+----------------+----------------+----------------+----------------+----------------+----------------+----------------+
|   0.000000e+00 |   0.000000e+00 |   4.580651e+01 |   4.480000e+02 |   4.480000e+02 |   4.480000e+02 |   4.480000e+02 |   4.480000e+02 |   1.000000e-02 |
|   1.000000e-02 |   1.656199e-03 |   4.580650e+01 |   4.480486e+02 |   4.480000e+02 |   4.480011e+02 |   4.480017e+02 |   4.480000e+02 |   1.030329e-02 |
+----------------+----------------+----------------+----------------+----------------+----------------+----------------+----------------+----------------+
+----------------+----------------+----------------------------+-----------------------------+--------------------+------------------------+
| time           | TopL_velocity  | coolingJacket_T_in_primary | coolingJacket_T_out_primary | delta_Temp_TP6-TP2 | downcomer_out_velocity |
+----------------+----------------+----------------------------+-----------------------------+--------------------+------------------------+
|   0.000000e+00 |   1.000000e-02 |               4.480000e+02 |                4.480000e+02 |       0.000000e+00 |           1.000000e-02 |
|   1.000000e-02 |   7.975818e-03 |               4.480017e+02 |                4.480486e+02 |       1.656199e-03 |           1.024970e-02 |
+----------------+----------------+----------------------------+-----------------------------+--------------------+------------------------+
+----------------+----------------+----------------+
| time           | dt             | massFlowRate   |
+----------------+----------------+----------------+
|   0.000000e+00 |   0.000000e+00 |   7.508930e-03 |
|   1.000000e-02 |   1.000000e-02 |   5.988981e-03 |
+----------------+----------------+----------------+


Time Step 2, time = 0.02, dt = 0.01
 * Nonlinear |R| = [32m2.098337e+00[39m (Before preset BCs, predictors, correctors, and constraints)
 0 Nonlinear |R| = [32m2.098337e+00[39m
 1 Nonlinear |R| = [32m2.511574e-02[39m
 2 Nonlinear |R| = [32m3.496296e-03[39m
 3 Nonlinear |R| = [32m6.553399e-04[39m
 4 Nonlinear |R| = [32m5.401370e-05[39m
 5 Nonlinear |R| = [32m6.331564e-06[39m
 6 Nonlinear |R| = [32m3.324954e-07[39m
[32m Solve Converged![39m

Outlier Variable Residual Norms:
  pressure: [31m3.278388e-07[39m

Postprocessor Values:
+----------------+----------------+----------------+----------------+----------------+----------------+----------------+----------------+----------------+
| time           | 00_DeltaT      | 00_TS_Pr       | TP1            | TP2            | TP3            | TP6            | TP_TS          | TS_vel         |
+----------------+----------------+----------------+----------------+----------------+----------------+----------------+----------------+----------------+
|   0.000000e+00 |   0.000000e+00 |   4.580651e+01 |   4.480000e+02 |   4.480000e+02 |   4.480000e+02 |   4.480000e+02 |   4.480000e+02 |   1.000000e-02 |
|   1.000000e-02 |   1.656199e-03 |   4.580650e+01 |   4.480486e+02 |   4.480000e+02 |   4.480011e+02 |   4.480017e+02 |   4.480000e+02 |   1.030329e-02 |
|   2.000000e-02 |   2.354832e-03 |   4.580653e+01 |   4.480926e+02 |   4.480000e+02 |   4.480023e+02 |   4.480023e+02 |   4.480000e+02 |   1.026071e-02 |
+----------------+----------------+----------------+----------------+----------------+----------------+----------------+----------------+----------------+
+----------------+----------------+----------------------------+-----------------------------+--------------------+------------------------+
| time           | TopL_velocity  | coolingJacket_T_in_primary | coolingJacket_T_out_primary | delta_Temp_TP6-TP2 | downcomer_out_velocity |
+----------------+----------------+----------------------------+-----------------------------+--------------------+------------------------+
|   0.000000e+00 |   1.000000e-02 |               4.480000e+02 |                4.480000e+02 |       0.000000e+00 |           1.000000e-02 |
|   1.000000e-02 |   7.975818e-03 |               4.480017e+02 |                4.480486e+02 |       1.656199e-03 |           1.024970e-02 |
|   2.000000e-02 |   8.152877e-03 |               4.480023e+02 |                4.480926e+02 |       2.354832e-03 |           1.020711e-02 |
+----------------+----------------+----------------------------+-----------------------------+--------------------+------------------------+
+----------------+----------------+----------------+
| time           | dt             | massFlowRate   |
+----------------+----------------+----------------+
|   0.000000e+00 |   0.000000e+00 |   7.508930e-03 |
|   1.000000e-02 |   1.000000e-02 |   5.988981e-03 |
|   2.000000e-02 |   1.000000e-02 |   6.121931e-03 |
+----------------+----------------+----------------+


Time Step 3, time = 0.03, dt = 0.01
 * Nonlinear |R| = [32m1.885235e+00[39m (Before preset BCs, predictors, correctors, and constraints)
 0 Nonlinear |R| = [32m1.885235e+00[39m
 1 Nonlinear |R| = [32m3.583141e-03[39m
 2 Nonlinear |R| = [32m6.593073e-04[39m
 3 Nonlinear |R| = [32m5.688780e-05[39m
 4 Nonlinear |R| = [32m2.088172e-05[39m
 5 Nonlinear |R| = [32m6.475162e-06[39m
 6 Nonlinear |R| = [32m2.477055e-07[39m
[32m Solve Converged![39m

Outlier Variable Residual Norms:
  pressure: [31m2.441368e-07[39m

Postprocessor Values:
+----------------+----------------+----------------+----------------+----------------+----------------+----------------+----------------+----------------+
| time           | 00_DeltaT      | 00_TS_Pr       | TP1            | TP2            | TP3            | TP6            | TP_TS          | TS_vel         |
+----------------+----------------+----------------+----------------+----------------+----------------+----------------+----------------+----------------+
|   0.000000e+00 |   0.000000e+00 |   4.580651e+01 |   4.480000e+02 |   4.480000e+02 |   4.480000e+02 |   4.480000e+02 |   4.480000e+02 |   1.000000e-02 |
|   1.000000e-02 |   1.656199e-03 |   4.580650e+01 |   4.480486e+02 |   4.480000e+02 |   4.480011e+02 |   4.480017e+02 |   4.480000e+02 |   1.030329e-02 |
|   2.000000e-02 |   2.354832e-03 |   4.580653e+01 |   4.480926e+02 |   4.480000e+02 |   4.480023e+02 |   4.480023e+02 |   4.480000e+02 |   1.026071e-02 |
|   3.000000e-02 |   2.553540e-03 |   4.580651e+01 |   4.481319e+02 |   4.480001e+02 |   4.480034e+02 |   4.480026e+02 |   4.480000e+02 |   1.022013e-02 |
+----------------+----------------+----------------+----------------+----------------+----------------+----------------+----------------+----------------+
+----------------+----------------+----------------------------+-----------------------------+--------------------+------------------------+
| time           | TopL_velocity  | coolingJacket_T_in_primary | coolingJacket_T_out_primary | delta_Temp_TP6-TP2 | downcomer_out_velocity |
+----------------+----------------+----------------------------+-----------------------------+--------------------+------------------------+
|   0.000000e+00 |   1.000000e-02 |               4.480000e+02 |                4.480000e+02 |       0.000000e+00 |           1.000000e-02 |
|   1.000000e-02 |   7.975818e-03 |               4.480017e+02 |                4.480486e+02 |       1.656199e-03 |           1.024970e-02 |
|   2.000000e-02 |   8.152877e-03 |               4.480023e+02 |                4.480926e+02 |       2.354832e-03 |           1.020711e-02 |
|   3.000000e-02 |   8.314529e-03 |               4.480026e+02 |                4.481319e+02 |       2.553540e-03 |           1.016652e-02 |
+----------------+----------------+----------------------------+-----------------------------+--------------------+------------------------+
+----------------+----------------+----------------+
| time           | dt             | massFlowRate   |
+----------------+----------------+----------------+
|   0.000000e+00 |   0.000000e+00 |   7.508930e-03 |
|   1.000000e-02 |   1.000000e-02 |   5.988981e-03 |
|   2.000000e-02 |   1.000000e-02 |   6.121931e-03 |
|   3.000000e-02 |   1.000000e-02 |   6.243313e-03 |
+----------------+----------------+----------------+


Time Step 4, time = 0.04, dt = 0.01
 * Nonlinear |R| = [32m1.711158e+00[39m (Before preset BCs, predictors, correctors, and constraints)
 0 Nonlinear |R| = [32m1.711158e+00[39m
 1 Nonlinear |R| = [32m3.746997e-03[39m
 2 Nonlinear |R| = [32m3.294442e-04[39m
 3 Nonlinear |R| = [32m1.242510e-05[39m
 4 Nonlinear |R| = [32m9.194760e-06[39m
 5 Nonlinear |R| = [32m7.831215e-06[39m
 6 Nonlinear |R| = [32m6.849191e-06[39m
 7 Nonlinear |R| = [32m6.326547e-06[39m
 8 Nonlinear |R| = [32m5.693913e-06[39m
 9 Nonlinear |R| = [32m5.124056e-06[39m
10 Nonlinear |R| = [32m4.726611e-06[39m
11 Nonlinear |R| = [32m4.253956e-06[39m
12 Nonlinear |R| = [32m3.828541e-06[39m
  Nonlinear solve did not converge due to DIVERGED_MAX_IT iterations 12
[31m Solve Did NOT Converge![39m
Aborting as solve did not converge

Solve failed, cutting timestep.

Time Step 4, time = 0.035, dt = 0.005
 * Nonlinear |R| = [32m1.711161e+00[39m (Before preset BCs, predictors, correctors, and constraints)
 0 Nonlinear |R| = [32m1.711161e+00[39m
 1 Nonlinear |R| = [32m9.340914e-03[39m
 2 Nonlinear |R| = [32m1.058372e-03[39m
 3 Nonlinear |R| = [32m5.230947e-04[39m
 4 Nonlinear |R| = [32m1.652110e-04[39m
 5 Nonlinear |R| = [32m1.707051e-05[39m
 6 Nonlinear |R| = [32m1.559107e-05[39m
 7 Nonlinear |R| = [32m7.807705e-06[39m
 8 Nonlinear |R| = [32m3.739396e-06[39m
 9 Nonlinear |R| = [32m2.141471e-06[39m
10 Nonlinear |R| = [32m8.267299e-08[39m
[32m Solve Converged![39m

Outlier Variable Residual Norms:
  pressure: [31m8.148170e-08[39m

Postprocessor Values:
+----------------+----------------+----------------+----------------+----------------+----------------+----------------+----------------+----------------+
| time           | 00_DeltaT      | 00_TS_Pr       | TP1            | TP2            | TP3            | TP6            | TP_TS          | TS_vel         |
+----------------+----------------+----------------+----------------+----------------+----------------+----------------+----------------+----------------+
|   0.000000e+00 |   0.000000e+00 |   4.580651e+01 |   4.480000e+02 |   4.480000e+02 |   4.480000e+02 |   4.480000e+02 |   4.480000e+02 |   1.000000e-02 |
|   1.000000e-02 |   1.656199e-03 |   4.580650e+01 |   4.480486e+02 |   4.480000e+02 |   4.480011e+02 |   4.480017e+02 |   4.480000e+02 |   1.030329e-02 |
|   2.000000e-02 |   2.354832e-03 |   4.580653e+01 |   4.480926e+02 |   4.480000e+02 |   4.480023e+02 |   4.480023e+02 |   4.480000e+02 |   1.026071e-02 |
|   3.000000e-02 |   2.553540e-03 |   4.580651e+01 |   4.481319e+02 |   4.480001e+02 |   4.480034e+02 |   4.480026e+02 |   4.480000e+02 |   1.022013e-02 |
|   3.500000e-02 |   2.027693e-03 |   4.580649e+01 |   4.481507e+02 |   4.480000e+02 |   4.480040e+02 |   4.480020e+02 |   4.480000e+02 |   1.020037e-02 |
+----------------+----------------+----------------+----------------+----------------+----------------+----------------+----------------+----------------+
+----------------+----------------+----------------------------+-----------------------------+--------------------+------------------------+
| time           | TopL_velocity  | coolingJacket_T_in_primary | coolingJacket_T_out_primary | delta_Temp_TP6-TP2 | downcomer_out_velocity |
+----------------+----------------+----------------------------+-----------------------------+--------------------+------------------------+
|   0.000000e+00 |   1.000000e-02 |               4.480000e+02 |                4.480000e+02 |       0.000000e+00 |           1.000000e-02 |
|   1.000000e-02 |   7.975818e-03 |               4.480017e+02 |                4.480486e+02 |       1.656199e-03 |           1.024970e-02 |
|   2.000000e-02 |   8.152877e-03 |               4.480023e+02 |                4.480926e+02 |       2.354832e-03 |           1.020711e-02 |
|   3.000000e-02 |   8.314529e-03 |               4.480026e+02 |                4.481319e+02 |       2.553540e-03 |           1.016652e-02 |
|   3.500000e-02 |   8.391568e-03 |               4.480020e+02 |                4.481507e+02 |       2.027693e-03 |           1.014675e-02 |
+----------------+----------------+----------------------------+-----------------------------+--------------------+------------------------+
+----------------+----------------+----------------+
| time           | dt             | massFlowRate   |
+----------------+----------------+----------------+
|   0.000000e+00 |   0.000000e+00 |   7.508930e-03 |
|   1.000000e-02 |   1.000000e-02 |   5.988981e-03 |
|   2.000000e-02 |   1.000000e-02 |   6.121931e-03 |
|   3.000000e-02 |   1.000000e-02 |   6.243313e-03 |
|   3.500000e-02 |   5.000000e-03 |   6.301163e-03 |
+----------------+----------------+----------------+


Time Step 5, time = 0.04, dt = 0.005
 * Nonlinear |R| = [32m1.627884e+00[39m (Before preset BCs, predictors, correctors, and constraints)
 0 Nonlinear |R| = [32m1.627884e+00[39m
 1 Nonlinear |R| = [32m9.398894e-03[39m
 2 Nonlinear |R| = [32m7.889576e-04[39m
 3 Nonlinear |R| = [32m2.183725e-04[39m
 4 Nonlinear |R| = [32m3.124020e-05[39m
 5 Nonlinear |R| = [32m8.023870e-06[39m
 6 Nonlinear |R| = [32m1.805096e-06[39m
 7 Nonlinear |R| = [32m1.063860e-06[39m
 8 Nonlinear |R| = [32m3.643381e-08[39m
[32m Solve Converged![39m

Outlier Variable Residual Norms:
  pressure: [31m3.583724e-08[39m

Postprocessor Values:
+----------------+----------------+----------------+----------------+----------------+----------------+----------------+----------------+----------------+
| time           | 00_DeltaT      | 00_TS_Pr       | TP1            | TP2            | TP3            | TP6            | TP_TS          | TS_vel         |
+----------------+----------------+----------------+----------------+----------------+----------------+----------------+----------------+----------------+
|   0.000000e+00 |   0.000000e+00 |   4.580651e+01 |   4.480000e+02 |   4.480000e+02 |   4.480000e+02 |   4.480000e+02 |   4.480000e+02 |   1.000000e-02 |
|   1.000000e-02 |   1.656199e-03 |   4.580650e+01 |   4.480486e+02 |   4.480000e+02 |   4.480011e+02 |   4.480017e+02 |   4.480000e+02 |   1.030329e-02 |
|   2.000000e-02 |   2.354832e-03 |   4.580653e+01 |   4.480926e+02 |   4.480000e+02 |   4.480023e+02 |   4.480023e+02 |   4.480000e+02 |   1.026071e-02 |
|   3.000000e-02 |   2.553540e-03 |   4.580651e+01 |   4.481319e+02 |   4.480001e+02 |   4.480034e+02 |   4.480026e+02 |   4.480000e+02 |   1.022013e-02 |
|   3.500000e-02 |   2.027693e-03 |   4.580649e+01 |   4.481507e+02 |   4.480000e+02 |   4.480040e+02 |   4.480020e+02 |   4.480000e+02 |   1.020037e-02 |
|   4.000000e-02 |   2.150428e-03 |   4.580647e+01 |   4.481686e+02 |   4.479998e+02 |   4.480046e+02 |   4.480020e+02 |   4.480000e+02 |   1.018111e-02 |
+----------------+----------------+----------------+----------------+----------------+----------------+----------------+----------------+----------------+
+----------------+----------------+----------------------------+-----------------------------+--------------------+------------------------+
| time           | TopL_velocity  | coolingJacket_T_in_primary | coolingJacket_T_out_primary | delta_Temp_TP6-TP2 | downcomer_out_velocity |
+----------------+----------------+----------------------------+-----------------------------+--------------------+------------------------+
|   0.000000e+00 |   1.000000e-02 |               4.480000e+02 |                4.480000e+02 |       0.000000e+00 |           1.000000e-02 |
|   1.000000e-02 |   7.975818e-03 |               4.480017e+02 |                4.480486e+02 |       1.656199e-03 |           1.024970e-02 |
|   2.000000e-02 |   8.152877e-03 |               4.480023e+02 |                4.480926e+02 |       2.354832e-03 |           1.020711e-02 |
|   3.000000e-02 |   8.314529e-03 |               4.480026e+02 |                4.481319e+02 |       2.553540e-03 |           1.016652e-02 |
|   3.500000e-02 |   8.391568e-03 |               4.480020e+02 |                4.481507e+02 |       2.027693e-03 |           1.014675e-02 |
|   4.000000e-02 |   8.464948e-03 |               4.480020e+02 |                4.481687e+02 |       2.150428e-03 |           1.012749e-02 |
+----------------+----------------+----------------------------+-----------------------------+--------------------+------------------------+
+----------------+----------------+----------------+
| time           | dt             | massFlowRate   |
+----------------+----------------+----------------+
|   0.000000e+00 |   0.000000e+00 |   7.508930e-03 |
|   1.000000e-02 |   1.000000e-02 |   5.988981e-03 |
|   2.000000e-02 |   1.000000e-02 |   6.121931e-03 |
|   3.000000e-02 |   1.000000e-02 |   6.243313e-03 |
|   3.500000e-02 |   5.000000e-03 |   6.301163e-03 |
|   4.000000e-02 |   5.000000e-03 |   6.356264e-03 |
+----------------+----------------+----------------+


Time Step 6, time = 0.045, dt = 0.005
 * Nonlinear |R| = [32m1.548190e+00[39m (Before preset BCs, predictors, correctors, and constraints)
 0 Nonlinear |R| = [32m1.548190e+00[39m
 1 Nonlinear |R| = [32m3.951597e-03[39m
 2 Nonlinear |R| = [32m1.029343e-03[39m
 3 Nonlinear |R| = [32m2.164469e-04[39m
 4 Nonlinear |R| = [32m9.382062e-05[39m
 5 Nonlinear |R| = [32m1.488256e-05[39m
 6 Nonlinear |R| = [32m7.710323e-06[39m
 7 Nonlinear |R| = [32m5.776858e-06[39m
 8 Nonlinear |R| = [32m5.125797e-06[39m
 9 Nonlinear |R| = [32m1.024136e-06[39m
10 Nonlinear |R| = [32m5.462563e-07[39m
[32m Solve Converged![39m

Outlier Variable Residual Norms:
  pressure: [31m5.381894e-07[39m

Postprocessor Values:
+----------------+----------------+----------------+----------------+----------------+----------------+----------------+----------------+----------------+
| time           | 00_DeltaT      | 00_TS_Pr       | TP1            | TP2            | TP3            | TP6            | TP_TS          | TS_vel         |
+----------------+----------------+----------------+----------------+----------------+----------------+----------------+----------------+----------------+
|   0.000000e+00 |   0.000000e+00 |   4.580651e+01 |   4.480000e+02 |   4.480000e+02 |   4.480000e+02 |   4.480000e+02 |   4.480000e+02 |   1.000000e-02 |
|   1.000000e-02 |   1.656199e-03 |   4.580650e+01 |   4.480486e+02 |   4.480000e+02 |   4.480011e+02 |   4.480017e+02 |   4.480000e+02 |   1.030329e-02 |
|   2.000000e-02 |   2.354832e-03 |   4.580653e+01 |   4.480926e+02 |   4.480000e+02 |   4.480023e+02 |   4.480023e+02 |   4.480000e+02 |   1.026071e-02 |
|   3.000000e-02 |   2.553540e-03 |   4.580651e+01 |   4.481319e+02 |   4.480001e+02 |   4.480034e+02 |   4.480026e+02 |   4.480000e+02 |   1.022013e-02 |
|   3.500000e-02 |   2.027693e-03 |   4.580649e+01 |   4.481507e+02 |   4.480000e+02 |   4.480040e+02 |   4.480020e+02 |   4.480000e+02 |   1.020037e-02 |
|   4.000000e-02 |   2.150428e-03 |   4.580647e+01 |   4.481686e+02 |   4.479998e+02 |   4.480046e+02 |   4.480020e+02 |   4.480000e+02 |   1.018111e-02 |
|   4.500000e-02 |   2.188998e-03 |   4.580647e+01 |   4.481856e+02 |   4.479998e+02 |   4.480052e+02 |   4.480020e+02 |   4.480000e+02 |   1.016226e-02 |
+----------------+----------------+----------------+----------------+----------------+----------------+----------------+----------------+----------------+
+----------------+----------------+----------------------------+-----------------------------+--------------------+------------------------+
| time           | TopL_velocity  | coolingJacket_T_in_primary | coolingJacket_T_out_primary | delta_Temp_TP6-TP2 | downcomer_out_velocity |
+----------------+----------------+----------------------------+-----------------------------+--------------------+------------------------+
|   0.000000e+00 |   1.000000e-02 |               4.480000e+02 |                4.480000e+02 |       0.000000e+00 |           1.000000e-02 |
|   1.000000e-02 |   7.975818e-03 |               4.480017e+02 |                4.480486e+02 |       1.656199e-03 |           1.024970e-02 |
|   2.000000e-02 |   8.152877e-03 |               4.480023e+02 |                4.480926e+02 |       2.354832e-03 |           1.020711e-02 |
|   3.000000e-02 |   8.314529e-03 |               4.480026e+02 |                4.481319e+02 |       2.553540e-03 |           1.016652e-02 |
|   3.500000e-02 |   8.391568e-03 |               4.480020e+02 |                4.481507e+02 |       2.027693e-03 |           1.014675e-02 |
|   4.000000e-02 |   8.464948e-03 |               4.480020e+02 |                4.481687e+02 |       2.150428e-03 |           1.012749e-02 |
|   4.500000e-02 |   8.535012e-03 |               4.480020e+02 |                4.481856e+02 |       2.188998e-03 |           1.010864e-02 |
+----------------+----------------+----------------------------+-----------------------------+--------------------+------------------------+
+----------------+----------------+----------------+
| time           | dt             | massFlowRate   |
+----------------+----------------+----------------+
|   0.000000e+00 |   0.000000e+00 |   7.508930e-03 |
|   1.000000e-02 |   1.000000e-02 |   5.988981e-03 |
|   2.000000e-02 |   1.000000e-02 |   6.121931e-03 |
|   3.000000e-02 |   1.000000e-02 |   6.243313e-03 |
|   3.500000e-02 |   5.000000e-03 |   6.301163e-03 |
|   4.000000e-02 |   5.000000e-03 |   6.356264e-03 |
|   4.500000e-02 |   5.000000e-03 |   6.408874e-03 |
+----------------+----------------+----------------+


Time Step 7, time = 0.05, dt = 0.005
 * Nonlinear |R| = [32m1.471932e+00[39m (Before preset BCs, predictors, correctors, and constraints)
 0 Nonlinear |R| = [32m1.471932e+00[39m
 1 Nonlinear |R| = [32m8.205208e-03[39m
 2 Nonlinear |R| = [32m1.588313e-03[39m
 3 Nonlinear |R| = [32m7.225079e-04[39m
 4 Nonlinear |R| = [32m1.822877e-04[39m
 5 Nonlinear |R| = [32m1.862124e-05[39m
 6 Nonlinear |R| = [32m1.005539e-05[39m
 7 Nonlinear |R| = [33m9.873863e-06[39m
 8 Nonlinear |R| = [32m4.936271e-06[39m
 9 Nonlinear |R| = [32m3.953907e-06[39m
10 Nonlinear |R| = [32m4.216729e-08[39m
[32m Solve Converged![39m

Outlier Variable Residual Norms:
  pressure: [31m4.199449e-08[39m

Postprocessor Values:
+----------------+----------------+----------------+----------------+----------------+----------------+----------------+----------------+----------------+
| time           | 00_DeltaT      | 00_TS_Pr       | TP1            | TP2            | TP3            | TP6            | TP_TS          | TS_vel         |
+----------------+----------------+----------------+----------------+----------------+----------------+----------------+----------------+----------------+
|   0.000000e+00 |   0.000000e+00 |   4.580651e+01 |   4.480000e+02 |   4.480000e+02 |   4.480000e+02 |   4.480000e+02 |   4.480000e+02 |   1.000000e-02 |
|   1.000000e-02 |   1.656199e-03 |   4.580650e+01 |   4.480486e+02 |   4.480000e+02 |   4.480011e+02 |   4.480017e+02 |   4.480000e+02 |   1.030329e-02 |
|   2.000000e-02 |   2.354832e-03 |   4.580653e+01 |   4.480926e+02 |   4.480000e+02 |   4.480023e+02 |   4.480023e+02 |   4.480000e+02 |   1.026071e-02 |
|   3.000000e-02 |   2.553540e-03 |   4.580651e+01 |   4.481319e+02 |   4.480001e+02 |   4.480034e+02 |   4.480026e+02 |   4.480000e+02 |   1.022013e-02 |
|   3.500000e-02 |   2.027693e-03 |   4.580649e+01 |   4.481507e+02 |   4.480000e+02 |   4.480040e+02 |   4.480020e+02 |   4.480000e+02 |   1.020037e-02 |
|   4.000000e-02 |   2.150428e-03 |   4.580647e+01 |   4.481686e+02 |   4.479998e+02 |   4.480046e+02 |   4.480020e+02 |   4.480000e+02 |   1.018111e-02 |
|   4.500000e-02 |   2.188998e-03 |   4.580647e+01 |   4.481856e+02 |   4.479998e+02 |   4.480052e+02 |   4.480020e+02 |   4.480000e+02 |   1.016226e-02 |
|   5.000000e-02 |   2.064186e-03 |   4.580648e+01 |   4.482015e+02 |   4.479999e+02 |   4.480057e+02 |   4.480019e+02 |   4.480000e+02 |   1.014388e-02 |
+----------------+----------------+----------------+----------------+----------------+----------------+----------------+----------------+----------------+
+----------------+----------------+----------------------------+-----------------------------+--------------------+------------------------+
| time           | TopL_velocity  | coolingJacket_T_in_primary | coolingJacket_T_out_primary | delta_Temp_TP6-TP2 | downcomer_out_velocity |
+----------------+----------------+----------------------------+-----------------------------+--------------------+------------------------+
|   0.000000e+00 |   1.000000e-02 |               4.480000e+02 |                4.480000e+02 |       0.000000e+00 |           1.000000e-02 |
|   1.000000e-02 |   7.975818e-03 |               4.480017e+02 |                4.480486e+02 |       1.656199e-03 |           1.024970e-02 |
|   2.000000e-02 |   8.152877e-03 |               4.480023e+02 |                4.480926e+02 |       2.354832e-03 |           1.020711e-02 |
|   3.000000e-02 |   8.314529e-03 |               4.480026e+02 |                4.481319e+02 |       2.553540e-03 |           1.016652e-02 |
|   3.500000e-02 |   8.391568e-03 |               4.480020e+02 |                4.481507e+02 |       2.027693e-03 |           1.014675e-02 |
|   4.000000e-02 |   8.464948e-03 |               4.480020e+02 |                4.481687e+02 |       2.150428e-03 |           1.012749e-02 |
|   4.500000e-02 |   8.535012e-03 |               4.480020e+02 |                4.481856e+02 |       2.188998e-03 |           1.010864e-02 |
|   5.000000e-02 |   8.601738e-03 |               4.480019e+02 |                4.482015e+02 |       2.064186e-03 |           1.009026e-02 |
+----------------+----------------+----------------------------+-----------------------------+--------------------+------------------------+
+----------------+----------------+----------------+
| time           | dt             | massFlowRate   |
+----------------+----------------+----------------+
|   0.000000e+00 |   0.000000e+00 |   7.508930e-03 |
|   1.000000e-02 |   1.000000e-02 |   5.988981e-03 |
|   2.000000e-02 |   1.000000e-02 |   6.121931e-03 |
|   3.000000e-02 |   1.000000e-02 |   6.243313e-03 |
|   3.500000e-02 |   5.000000e-03 |   6.301163e-03 |
|   4.000000e-02 |   5.000000e-03 |   6.356264e-03 |
|   4.500000e-02 |   5.000000e-03 |   6.408874e-03 |
|   5.000000e-02 |   5.000000e-03 |   6.458978e-03 |
+----------------+----------------+----------------+


Time Step 8, time = 0.055, dt = 0.005
 * Nonlinear |R| = [32m1.398967e+00[39m (Before preset BCs, predictors, correctors, and constraints)
 0 Nonlinear |R| = [32m1.398967e+00[39m
 1 Nonlinear |R| = [32m3.813756e-03[39m
 2 Nonlinear |R| = [32m7.402468e-04[39m
 3 Nonlinear |R| = [32m4.185332e-04[39m
 4 Nonlinear |R| = [32m2.283310e-05[39m
 5 Nonlinear |R| = [32m2.055006e-05[39m
 6 Nonlinear |R| = [32m1.849421e-05[39m
 7 Nonlinear |R| = [32m1.484178e-05[39m
 8 Nonlinear |R| = [32m1.267792e-05[39m
 9 Nonlinear |R| = [32m1.094382e-05[39m
10 Nonlinear |R| = [33m1.083438e-05[39m
11 Nonlinear |R| = [33m1.072603e-05[39m
12 Nonlinear |R| = [33m1.061874e-05[39m
  Nonlinear solve did not converge due to DIVERGED_MAX_IT iterations 12
[31m Solve Did NOT Converge![39m
Aborting as solve did not converge

Solve failed, cutting timestep.

Time Step 8, time = 0.0525, dt = 0.0025
 * Nonlinear |R| = [32m1.398968e+00[39m (Before preset BCs, predictors, correctors, and constraints)
 0 Nonlinear |R| = [32m1.398968e+00[39m
 1 Nonlinear |R| = [32m4.874078e-03[39m
 2 Nonlinear |R| = [32m3.914750e-03[39m
    Linear solve did not converge due to DIVERGED_ITS iterations 100
 3 Nonlinear |R| = [32m3.469087e-03[39m
 4 Nonlinear |R| = [32m1.004559e-03[39m
 5 Nonlinear |R| = [32m5.431449e-04[39m
 6 Nonlinear |R| = [32m5.058983e-04[39m
 7 Nonlinear |R| = [32m1.426711e-04[39m
    Linear solve did not converge due to DIVERGED_ITS iterations 100
 8 Nonlinear |R| = [32m1.301374e-04[39m
 9 Nonlinear |R| = [32m2.235311e-05[39m
10 Nonlinear |R| = [33m2.214545e-05[39m
11 Nonlinear |R| = [32m1.985979e-05[39m
12 Nonlinear |R| = [32m1.810822e-05[39m
  Nonlinear solve did not converge due to DIVERGED_MAX_IT iterations 12
[31m Solve Did NOT Converge![39m
Aborting as solve did not converge

Solve failed, cutting timestep.

Time Step 8, time = 0.05125, dt = 0.00125
 * Nonlinear |R| = [32m1.398969e+00[39m (Before preset BCs, predictors, correctors, and constraints)
 0 Nonlinear |R| = [32m1.398969e+00[39m
 1 Nonlinear |R| = [32m6.654594e-03[39m
    Linear solve did not converge due to DIVERGED_ITS iterations 100
 2 Nonlinear |R| = [32m6.039939e-03[39m
    Linear solve did not converge due to DIVERGED_ITS iterations 100
 3 Nonlinear |R| = [32m4.545934e-03[39m
    Linear solve did not converge due to DIVERGED_ITS iterations 100
 4 Nonlinear |R| = [32m3.682961e-03[39m
    Linear solve did not converge due to DIVERGED_ITS iterations 100
 5 Nonlinear |R| = [33m3.660147e-03[39m
    Linear solve did not converge due to DIVERGED_ITS iterations 100
 6 Nonlinear |R| = [33m3.587631e-03[39m
    Linear solve did not converge due to DIVERGED_ITS iterations 100
 7 Nonlinear |R| = [33m3.441054e-03[39m
    Linear solve did not converge due to DIVERGED_ITS iterations 100
 8 Nonlinear |R| = [32m3.222400e-03[39m
    Linear solve did not converge due to DIVERGED_ITS iterations 100
 9 Nonlinear |R| = [33m3.210581e-03[39m
    Linear solve did not converge due to DIVERGED_ITS iterations 100
10 Nonlinear |R| = [33m3.183910e-03[39m
    Linear solve did not converge due to DIVERGED_ITS iterations 100
11 Nonlinear |R| = [33m3.182664e-03[39m
    Linear solve did not converge due to DIVERGED_ITS iterations 100
12 Nonlinear |R| = [33m3.176195e-03[39m
  Nonlinear solve did not converge due to DIVERGED_MAX_IT iterations 12
[31m Solve Did NOT Converge![39m
Currently Executing
  Finished Solving                                                                       [[33m  7.18 s[39m] [[33m  143 MB[39m]
Aborting as solve did not converge

Solve failed, cutting timestep.

Time Step 8, time = 0.050625, dt = 0.000625
 * Nonlinear |R| = [32m1.398964e+00[39m (Before preset BCs, predictors, correctors, and constraints)
 0 Nonlinear |R| = [32m1.398964e+00[39m
 1 Nonlinear |R| = [32m1.049277e-02[39m
    Linear solve did not converge due to DIVERGED_ITS iterations 100
 2 Nonlinear |R| = [32m5.972741e-03[39m
 3 Nonlinear |R| = [33m5.893026e-03[39m
 4 Nonlinear |R| = [32m5.307502e-03[39m
    Linear solve did not converge due to DIVERGED_ITS iterations 100
 5 Nonlinear |R| = [32m4.892517e-03[39m
 6 Nonlinear |R| = [33m4.810478e-03[39m
 7 Nonlinear |R| = [32m4.151199e-03[39m
 8 Nonlinear |R| = [33m4.117771e-03[39m
 9 Nonlinear |R| = [33m3.963634e-03[39m
    Linear solve did not converge due to DIVERGED_ITS iterations 100
10 Nonlinear |R| = [32m3.543269e-03[39m
11 Nonlinear |R| = [33m3.489194e-03[39m
    Linear solve did not converge due to DIVERGED_ITS iterations 100
12 Nonlinear |R| = [32m2.927368e-03[39m
  Nonlinear solve did not converge due to DIVERGED_MAX_IT iterations 12
[31m Solve Did NOT Converge![39m
  Finished Solving                                                                       [[33m  6.17 s[39m] [[33m  143 MB[39m]
Aborting as solve did not converge

Solve failed, cutting timestep.

Time Step 8, time = 0.0503125, dt = 0.0003125
 * Nonlinear |R| = [32m1.398980e+00[39m (Before preset BCs, predictors, correctors, and constraints)
 0 Nonlinear |R| = [32m1.398980e+00[39m
 1 Nonlinear |R| = [32m1.493186e-03[39m
    Linear solve did not converge due to DIVERGED_ITS iterations 100
 2 Nonlinear |R| = [33m1.491523e-03[39m
    Linear solve did not converge due to DIVERGED_ITS iterations 100
 3 Nonlinear |R| = [33m1.482975e-03[39m
 4 Nonlinear |R| = [32m1.321612e-03[39m
    Linear solve did not converge due to DIVERGED_ITS iterations 100
 5 Nonlinear |R| = [33m1.321547e-03[39m
    Linear solve did not converge due to DIVERGED_ITS iterations 100
 6 Nonlinear |R| = [33m1.260996e-03[39m
    Linear solve did not converge due to DIVERGED_ITS iterations 100
 7 Nonlinear |R| = [33m1.199600e-03[39m
    Linear solve did not converge due to DIVERGED_ITS iterations 100
 8 Nonlinear |R| = [33m1.198848e-03[39m
    Linear solve did not converge due to DIVERGED_ITS iterations 100
 9 Nonlinear |R| = [33m1.155291e-03[39m
    Linear solve did not converge due to DIVERGED_ITS iterations 100
10 Nonlinear |R| = [32m1.009271e-03[39m
11 Nonlinear |R| = [33m9.990760e-04[39m
    Linear solve did not converge due to DIVERGED_ITS iterations 100
12 Nonlinear |R| = [32m7.141759e-04[39m
  Nonlinear solve did not converge due to DIVERGED_MAX_IT iterations 12
[31m Solve Did NOT Converge![39m
  Finished Solving                                                                       [[33m  6.80 s[39m] [[33m  143 MB[39m]
Aborting as solve did not converge

Solve failed, cutting timestep.

Time Step 8, time = 0.0501562, dt = 0.00015625
 * Nonlinear |R| = [32m1.398995e+00[39m (Before preset BCs, predictors, correctors, and constraints)
 0 Nonlinear |R| = [32m1.398995e+00[39m
 1 Nonlinear |R| = [32m2.373276e-03[39m
    Linear solve did not converge due to DIVERGED_ITS iterations 100
 2 Nonlinear |R| = [32m2.107631e-03[39m
 3 Nonlinear |R| = [32m1.040516e-03[39m
 4 Nonlinear |R| = [32m4.930423e-04[39m
 5 Nonlinear |R| = [32m3.986197e-04[39m
 6 Nonlinear |R| = [33m3.819849e-04[39m
 7 Nonlinear |R| = [33m3.758774e-04[39m
 8 Nonlinear |R| = [33m3.751338e-04[39m
 9 Nonlinear |R| = [33m3.582154e-04[39m
10 Nonlinear |R| = [32m3.389741e-04[39m
11 Nonlinear |R| = [32m2.659218e-04[39m
12 Nonlinear |R| = [33m2.616501e-04[39m
  Nonlinear solve did not converge due to DIVERGED_MAX_IT iterations 12
[31m Solve Did NOT Converge![39m
  Finished Solving                                                                       [[33m  5.16 s[39m] [[33m  143 MB[39m]
Aborting as solve did not converge

Solve failed, cutting timestep.

Time Step 8, time = 0.0500781, dt = 7.8125e-05
 * Nonlinear |R| = [32m1.399000e+00[39m (Before preset BCs, predictors, correctors, and constraints)
 0 Nonlinear |R| = [32m1.399000e+00[39m
    Linear solve did not converge due to DIVERGED_ITS iterations 100
 1 Nonlinear |R| = [32m4.711812e-03[39m
 2 Nonlinear |R| = [32m3.286959e-03[39m
    Linear solve did not converge due to DIVERGED_ITS iterations 100
 3 Nonlinear |R| = [33m3.241009e-03[39m
    Linear solve did not converge due to DIVERGED_ITS iterations 100
 4 Nonlinear |R| = [32m2.678257e-03[39m
    Linear solve did not converge due to DIVERGED_ITS iterations 100
 5 Nonlinear |R| = [33m2.675579e-03[39m
    Linear solve did not converge due to DIVERGED_ITS iterations 100
 6 Nonlinear |R| = [33m2.673066e-03[39m
    Linear solve did not converge due to DIVERGED_ITS iterations 100
 7 Nonlinear |R| = [33m2.640263e-03[39m
    Linear solve did not converge due to DIVERGED_ITS iterations 100
 8 Nonlinear |R| = [33m2.626489e-03[39m
    Linear solve did not converge due to DIVERGED_ITS iterations 100
 9 Nonlinear |R| = [33m2.623629e-03[39m
    Linear solve did not converge due to DIVERGED_ITS iterations 100
10 Nonlinear |R| = [33m2.623629e-03[39m
    Linear solve did not converge due to DIVERGED_ITS iterations 100
11 Nonlinear |R| = [33m2.623629e-03[39m
    Linear solve did not converge due to DIVERGED_ITS iterations 100
12 Nonlinear |R| = [33m2.589169e-03[39m
  Nonlinear solve did not converge due to DIVERGED_MAX_IT iterations 12
[31m Solve Did NOT Converge![39m
  Finished Solving                                                                       [[33m  7.32 s[39m] [[33m  143 MB[39m]
Aborting as solve did not converge

Solve failed, cutting timestep.

Time Step 8, time = 0.0500391, dt = 3.90625e-05
 * Nonlinear |R| = [32m1.399004e+00[39m (Before preset BCs, predictors, correctors, and constraints)
 0 Nonlinear |R| = [32m1.399004e+00[39m
    Linear solve did not converge due to DIVERGED_ITS iterations 100
 1 Nonlinear |R| = [32m7.138642e-03[39m
    Linear solve did not converge due to DIVERGED_ITS iterations 100
 2 Nonlinear |R| = [33m7.137873e-03[39m
    Linear solve did not converge due to DIVERGED_ITS iterations 100
 3 Nonlinear |R| = [33m7.099604e-03[39m
    Linear solve did not converge due to DIVERGED_ITS iterations 100
 4 Nonlinear |R| = [33m7.077250e-03[39m
    Linear solve did not converge due to DIVERGED_ITS iterations 100
 5 Nonlinear |R| = [33m7.070352e-03[39m
    Linear solve did not converge due to DIVERGED_ITS iterations 100
 6 Nonlinear |R| = [33m7.063311e-03[39m
    Linear solve did not converge due to DIVERGED_ITS iterations 100
 7 Nonlinear |R| = [33m6.914461e-03[39m
    Linear solve did not converge due to DIVERGED_ITS iterations 100
 8 Nonlinear |R| = [33m6.750115e-03[39m
    Linear solve did not converge due to DIVERGED_ITS iterations 100
 9 Nonlinear |R| = [33m6.722386e-03[39m
    Linear solve did not converge due to DIVERGED_ITS iterations 100
10 Nonlinear |R| = [33m6.681676e-03[39m
    Linear solve did not converge due to DIVERGED_ITS iterations 100
11 Nonlinear |R| = [33m6.676792e-03[39m
    Linear solve did not converge due to DIVERGED_ITS iterations 100
12 Nonlinear |R| = [33m6.616652e-03[39m
  Nonlinear solve did not converge due to DIVERGED_MAX_IT iterations 12
[31m Solve Did NOT Converge![39m
  Finished Solving                                                                       [[33m  7.36 s[39m] [[33m  143 MB[39m]
Aborting as solve did not converge

Solve failed, cutting timestep.

Time Step 8, time = 0.0500195, dt = 1.95313e-05
 * Nonlinear |R| = [32m1.399007e+00[39m (Before preset BCs, predictors, correctors, and constraints)
 0 Nonlinear |R| = [32m1.399007e+00[39m
    Linear solve did not converge due to DIVERGED_ITS iterations 100
 1 Nonlinear |R| = [32m4.565138e-02[39m
    Linear solve did not converge due to DIVERGED_ITS iterations 100
 2 Nonlinear |R| = [32m2.056823e-02[39m
